<?xml version="1.0" encoding="UTF-8"?>
<!-- Generated by org.testng.reporters.JUnitReportReporter -->
<testsuite hostname="DESKTOP-N0CE5PM" name="testcases.SpiceJetHomePageTest" tests="3" failures="0" timestamp="6 Dec 2019 18:25:00 GMT" time="5.810" errors="0">
  <testcase name="homePageTest" time="0.567" classname="testcases.SpiceJetHomePageTest"/>
  <testcase name="logoTest" time="0.001" classname="testcases.SpiceJetHomePageTest"/>
  <testcase name="addOnsTest" time="5.242" classname="testcases.SpiceJetHomePageTest"/>
</testsuite> <!-- testcases.SpiceJetHomePageTest -->
