<?xml version="1.0" encoding="UTF-8"?>
<!-- Generated by org.testng.reporters.JUnitReportReporter -->
<testsuite hostname="DESKTOP-N0CE5PM" name="testcases.SpiceJetHomePage" tests="1" failures="0" timestamp="1 Dec 2019 05:26:34 GMT" time="0.032" errors="0">
  <testcase name="homePageTest" time="0.032" classname="testcases.SpiceJetHomePage"/>
</testsuite> <!-- testcases.SpiceJetHomePage -->
